<?xml version="1.0" encoding="UTF-8"?>
<robot generator="Robot 5.0.1 (Python 3.10.7 on win32)" generated="20221118 10:55:53.752" rpa="false" schemaversion="3">
<suite id="s1" name="Test" source="C:\Projects\PERSONAL\qaninja\robot\test.robot">
<test id="s1-t1" name="Deve retornar mensagem de boas vindas" line="6">
<kw name="Welcome" library="app">
<var>${result}</var>
<arg>Marcela</arg>
<msg timestamp="20221118 10:55:53.771" level="INFO">${result} = Olá Marcela, bem vindo ao Curso básico de Robot Framework!</msg>
<status status="PASS" starttime="20221118 10:55:53.771" endtime="20221118 10:55:53.771"/>
</kw>
<kw name="Should Be Equal" library="BuiltIn">
<arg>${result}</arg>
<arg>Olá Marcela, bem vindo ao Curso básico de Robot Framework!</arg>
<doc>Fails if the given objects are unequal.</doc>
<status status="PASS" starttime="20221118 10:55:53.771" endtime="20221118 10:55:53.772"/>
</kw>
<kw name="Log To Console" library="BuiltIn">
<arg>${result}</arg>
<doc>Logs the given message to the console.</doc>
<status status="PASS" starttime="20221118 10:55:53.772" endtime="20221118 10:55:53.772"/>
</kw>
<status status="PASS" starttime="20221118 10:55:53.770" endtime="20221118 10:55:53.773"/>
</test>
<status status="PASS" starttime="20221118 10:55:53.754" endtime="20221118 10:55:53.775"/>
</suite>
<statistics>
<total>
<stat pass="1" fail="0" skip="0">All Tests</stat>
</total>
<tag>
</tag>
<suite>
<stat pass="1" fail="0" skip="0" id="s1" name="Test">Test</stat>
</suite>
</statistics>
<errors>
</errors>
</robot>
